<?xml version="1.0" encoding="UTF-8" standalone="yes"?><!DOCTYPE report PUBLIC "-//JACOCO//DTD Report 1.1//EN" "report.dtd"><report name="hu.bme.mit.spaceship"><sessioninfo id="ubuntu-f13189fe" start="1558084426031" dump="1558084428972"/><sessioninfo id="ubuntu-2dbddcfb" start="1558084545363" dump="1558084548129"/><sessioninfo id="ubuntu-388433d8" start="1558084643574" dump="1558084646395"/><sessioninfo id="ubuntu-d06fcf45" start="1558084877381" dump="1558084880013"/><sessioninfo id="ubuntu-ba2f9dad" start="1558084921907" dump="1558084924547"/><sessioninfo id="ubuntu-d0754699" start="1558084954459" dump="1558084957112"/><sessioninfo id="ubuntu-eda27815" start="1558084979757" dump="1558084982477"/><sessioninfo id="ubuntu-9eb5d7be" start="1558085172063" dump="1558085174684"/><sessioninfo id="ubuntu-b7046b14" start="1558085277423" dump="1558085280030"/><package name="hu/bme/mit/spaceship"><class name="hu/bme/mit/spaceship/TorpedoStore" sourcefilename="TorpedoStore.java"><method name="&lt;init&gt;" desc="(I)V" line="14"><counter type="INSTRUCTION" missed="31" covered="0"/><counter type="BRANCH" missed="2" covered="0"/><counter type="LINE" missed="12" covered="0"/><counter type="COMPLEXITY" missed="2" covered="0"/><counter type="METHOD" missed="1" covered="0"/></method><method name="fire" desc="(I)Z" line="34"><counter type="INSTRUCTION" missed="34" covered="0"/><counter type="BRANCH" missed="6" covered="0"/><counter type="LINE" missed="9" covered="0"/><counter type="COMPLEXITY" missed="4" covered="0"/><counter type="METHOD" missed="1" covered="0"/></method><method name="isEmpty" desc="()Z" line="56"><counter type="INSTRUCTION" missed="7" covered="0"/><counter type="BRANCH" missed="2" covered="0"/><counter type="LINE" missed="1" covered="0"/><counter type="COMPLEXITY" missed="2" covered="0"/><counter type="METHOD" missed="1" covered="0"/></method><method name="getTorpedoCount" desc="()I" line="60"><counter type="INSTRUCTION" missed="3" covered="0"/><counter type="LINE" missed="1" covered="0"/><counter type="COMPLEXITY" missed="1" covered="0"/><counter type="METHOD" missed="1" covered="0"/></method><counter type="INSTRUCTION" missed="75" covered="0"/><counter type="BRANCH" missed="10" covered="0"/><counter type="LINE" missed="23" covered="0"/><counter type="COMPLEXITY" missed="9" covered="0"/><counter type="METHOD" missed="4" covered="0"/><counter type="CLASS" missed="1" covered="0"/></class><class name="hu/bme/mit/spaceship/GT4500" sourcefilename="GT4500.java"><method name="&lt;init&gt;" desc="(Lhu/bme/mit/spaceship/TorpedoStore;Lhu/bme/mit/spaceship/TorpedoStore;)V" line="12"><counter type="INSTRUCTION" missed="0" covered="12"/><counter type="LINE" missed="0" covered="5"/><counter type="COMPLEXITY" missed="0" covered="1"/><counter type="METHOD" missed="0" covered="1"/></method><method name="fireLaser" desc="(Lhu/bme/mit/spaceship/FiringMode;)Z" line="21"><counter type="INSTRUCTION" missed="0" covered="2"/><counter type="LINE" missed="0" covered="1"/><counter type="COMPLEXITY" missed="0" covered="1"/><counter type="METHOD" missed="0" covered="1"/></method><method name="setPrimaryFiredLast" desc="(Ljava/lang/Boolean;)V" line="25"><counter type="INSTRUCTION" missed="0" covered="5"/><counter type="LINE" missed="0" covered="2"/><counter type="COMPLEXITY" missed="0" covered="1"/><counter type="METHOD" missed="0" covered="1"/></method><method name="fireTorpedo" desc="(Lhu/bme/mit/spaceship/FiringMode;)Z" line="44"><counter type="INSTRUCTION" missed="3" covered="79"/><counter type="BRANCH" missed="6" covered="11"/><counter type="LINE" missed="0" covered="19"/><counter type="COMPLEXITY" missed="5" covered="5"/><counter type="METHOD" missed="0" covered="1"/></method><counter type="INSTRUCTION" missed="3" covered="98"/><counter type="BRANCH" missed="6" covered="11"/><counter type="LINE" missed="0" covered="27"/><counter type="COMPLEXITY" missed="5" covered="8"/><counter type="METHOD" missed="0" covered="4"/><counter type="CLASS" missed="0" covered="1"/></class><class name="hu/bme/mit/spaceship/FiringMode" sourcefilename="FiringMode.java"><method name="&lt;clinit&gt;" desc="()V" line="7"><counter type="INSTRUCTION" missed="0" covered="24"/><counter type="LINE" missed="0" covered="2"/><counter type="COMPLEXITY" missed="0" covered="1"/><counter type="METHOD" missed="0" covered="1"/></method><counter type="INSTRUCTION" missed="0" covered="24"/><counter type="LINE" missed="0" covered="2"/><counter type="COMPLEXITY" missed="0" covered="1"/><counter type="METHOD" missed="0" covered="1"/><counter type="CLASS" missed="0" covered="1"/></class><class name="hu/bme/mit/spaceship/SpaceShip" sourcefilename="SpaceShip.java"/><sourcefile name="FiringMode.java"><line nr="7" mi="0" ci="12" mb="0" cb="0"/><line nr="8" mi="0" ci="12" mb="0" cb="0"/><counter type="INSTRUCTION" missed="0" covered="24"/><counter type="LINE" missed="0" covered="2"/><counter type="COMPLEXITY" missed="0" covered="1"/><counter type="METHOD" missed="0" covered="1"/><counter type="CLASS" missed="0" covered="1"/></sourcefile><sourcefile name="GT4500.java"><line nr="12" mi="0" ci="3" mb="0" cb="0"/><line nr="14" mi="0" ci="2" mb="0" cb="0"/><line nr="15" mi="0" ci="3" mb="0" cb="0"/><line nr="16" mi="0" ci="3" mb="0" cb="0"/><line nr="17" mi="0" ci="1" mb="0" cb="0"/><line nr="21" mi="0" ci="2" mb="0" cb="0"/><line nr="25" mi="0" ci="4" mb="0" cb="0"/><line nr="26" mi="0" ci="1" mb="0" cb="0"/><line nr="44" mi="0" ci="2" mb="0" cb="0"/><line nr="46" mi="0" ci="5" mb="1" cb="2"/><line nr="48" mi="0" ci="3" mb="0" cb="2"/><line nr="50" mi="0" ci="4" mb="0" cb="2"/><line nr="51" mi="0" ci="5" mb="0" cb="0"/><line nr="52" mi="0" ci="4" mb="0" cb="0"/><line nr="57" mi="0" ci="4" mb="1" cb="1"/><line nr="58" mi="0" ci="5" mb="0" cb="0"/><line nr="59" mi="0" ci="4" mb="0" cb="0"/><line nr="67" mi="0" ci="4" mb="0" cb="2"/><line nr="68" mi="0" ci="5" mb="0" cb="0"/><line nr="69" mi="0" ci="4" mb="0" cb="0"/><line nr="74" mi="0" ci="4" mb="1" cb="1"/><line nr="75" mi="0" ci="5" mb="0" cb="0"/><line nr="76" mi="0" ci="4" mb="0" cb="0"/><line nr="86" mi="0" ci="5" mb="0" cb="0"/><line nr="87" mi="0" ci="5" mb="0" cb="0"/><line nr="88" mi="3" ci="5" mb="3" cb="1"/><line nr="93" mi="0" ci="2" mb="0" cb="0"/><counter type="INSTRUCTION" missed="3" covered="98"/><counter type="BRANCH" missed="6" covered="11"/><counter type="LINE" missed="0" covered="27"/><counter type="COMPLEXITY" missed="5" covered="8"/><counter type="METHOD" missed="0" covered="4"/><counter type="CLASS" missed="0" covered="1"/></sourcefile><sourcefile name="SpaceShip.java"/><sourcefile name="TorpedoStore.java"><line nr="14" mi="3" ci="0" mb="0" cb="0"/><line nr="16" mi="3" ci="0" mb="0" cb="0"/><line nr="18" mi="2" ci="0" mb="0" cb="0"/><line nr="19" mi="3" ci="0" mb="0" cb="0"/><line nr="22" mi="3" ci="0" mb="0" cb="0"/><line nr="23" mi="2" ci="0" mb="2" cb="0"/><line nr="25" mi="4" ci="0" mb="0" cb="0"/><line nr="26" mi="1" ci="0" mb="0" cb="0"/><line nr="27" mi="3" ci="0" mb="0" cb="0"/><line nr="28" mi="1" ci="0" mb="0" cb="0"/><line nr="30" mi="1" ci="0" mb="0" cb="0"/><line nr="32" mi="5" ci="0" mb="0" cb="0"/><line nr="34" mi="7" ci="0" mb="4" cb="0"/><line nr="35" mi="5" ci="0" mb="0" cb="0"/><line nr="38" mi="2" ci="0" mb="0" cb="0"/><line nr="41" mi="4" ci="0" mb="0" cb="0"/><line nr="43" mi="5" ci="0" mb="2" cb="0"/><line nr="45" mi="4" ci="0" mb="0" cb="0"/><line nr="46" mi="3" ci="0" mb="0" cb="0"/><line nr="49" mi="2" ci="0" mb="0" cb="0"/><line nr="52" mi="2" ci="0" mb="0" cb="0"/><line nr="56" mi="7" ci="0" mb="2" cb="0"/><line nr="60" mi="3" ci="0" mb="0" cb="0"/><counter type="INSTRUCTION" missed="75" covered="0"/><counter type="BRANCH" missed="10" covered="0"/><counter type="LINE" missed="23" covered="0"/><counter type="COMPLEXITY" missed="9" covered="0"/><counter type="METHOD" missed="4" covered="0"/><counter type="CLASS" missed="1" covered="0"/></sourcefile><counter type="INSTRUCTION" missed="78" covered="122"/><counter type="BRANCH" missed="16" covered="11"/><counter type="LINE" missed="23" covered="29"/><counter type="COMPLEXITY" missed="14" covered="9"/><counter type="METHOD" missed="4" covered="5"/><counter type="CLASS" missed="1" covered="2"/></package><counter type="INSTRUCTION" missed="78" covered="122"/><counter type="BRANCH" missed="16" covered="11"/><counter type="LINE" missed="23" covered="29"/><counter type="COMPLEXITY" missed="14" covered="9"/><counter type="METHOD" missed="4" covered="5"/><counter type="CLASS" missed="1" covered="2"/></report>